C:\USERS\IDEAPAD\DOCUMENTS\VISUAL STUDIO 2012\PROJECTS\WORK_STEALING\WORK_STEALING\DEBUG\LOGS.OBJ
C:\USERS\IDEAPAD\DOCUMENTS\VISUAL STUDIO 2012\PROJECTS\WORK_STEALING\WORK_STEALING\DEBUG\NEIGHBORS.OBJ
C:\USERS\IDEAPAD\DOCUMENTS\VISUAL STUDIO 2012\PROJECTS\WORK_STEALING\WORK_STEALING\DEBUG\VC110.PDB
C:\USERS\IDEAPAD\DOCUMENTS\VISUAL STUDIO 2012\PROJECTS\WORK_STEALING\WORK_STEALING\DEBUG\CALCULATIONS.OBJ
C:\USERS\IDEAPAD\DOCUMENTS\VISUAL STUDIO 2012\PROJECTS\WORK_STEALING\DEBUG\WORK_STEALING.ILK
C:\USERS\IDEAPAD\DOCUMENTS\VISUAL STUDIO 2012\PROJECTS\WORK_STEALING\DEBUG\WORK_STEALING.EXE
C:\USERS\IDEAPAD\DOCUMENTS\VISUAL STUDIO 2012\PROJECTS\WORK_STEALING\DEBUG\WORK_STEALING.PDB
C:\Users\Ideapad\documents\visual studio 2012\Projects\work_stealing\work_stealing\Debug\calculations.obj
C:\Users\Ideapad\documents\visual studio 2012\Projects\work_stealing\work_stealing\Debug\logs.obj
C:\Users\Ideapad\documents\visual studio 2012\Projects\work_stealing\work_stealing\Debug\Neighbors.obj
C:\Users\Ideapad\documents\visual studio 2012\Projects\work_stealing\work_stealing\Debug\cl.command.1.tlog
C:\Users\Ideapad\documents\visual studio 2012\Projects\work_stealing\work_stealing\Debug\CL.read.1.tlog
C:\Users\Ideapad\documents\visual studio 2012\Projects\work_stealing\work_stealing\Debug\CL.write.1.tlog
C:\Users\Ideapad\documents\visual studio 2012\Projects\work_stealing\work_stealing\Debug\link-cvtres.read.1.tlog
C:\Users\Ideapad\documents\visual studio 2012\Projects\work_stealing\work_stealing\Debug\link-cvtres.write.1.tlog
C:\Users\Ideapad\documents\visual studio 2012\Projects\work_stealing\work_stealing\Debug\link-rc.read.1.tlog
C:\Users\Ideapad\documents\visual studio 2012\Projects\work_stealing\work_stealing\Debug\link-rc.write.1.tlog
C:\Users\Ideapad\documents\visual studio 2012\Projects\work_stealing\work_stealing\Debug\link.command.1.tlog
C:\Users\Ideapad\documents\visual studio 2012\Projects\work_stealing\work_stealing\Debug\link.read.1.tlog
C:\Users\Ideapad\documents\visual studio 2012\Projects\work_stealing\work_stealing\Debug\link.write.1.tlog
C:\Users\Ideapad\documents\visual studio 2012\Projects\work_stealing\work_stealing\Debug\vc110.idb
C:\Users\Ideapad\documents\visual studio 2012\Projects\work_stealing\work_stealing\Debug\vc110.pdb
C:\Users\Ideapad\documents\visual studio 2012\Projects\work_stealing\Debug\work_stealing.pdb
C:\Users\Ideapad\documents\visual studio 2012\Projects\work_stealing\Debug\work_stealing.exe
C:\Users\Ideapad\documents\visual studio 2012\Projects\work_stealing\Debug\work_stealing.ilk
