Build started 2015-09-15 00:27:22.
     1>Project "C:\Users\Ideapad\Documents\Visual Studio 2012\Projects\work_stealing_seq\work_stealing_seq.vcxproj" on node 2 (Build target(s)).
     1>ClCompile:
         C:\Program Files (x86)\Microsoft Visual Studio 11.0\VC\bin\CL.exe /c /Zi /nologo /W3 /WX- /O2 /Oi /Oy- /GL /D _MBCS /Gm- /EHsc /MD /GS /Gy /fp:precise /Zc:wchar_t /Zc:forScope /Fo"Release\\" /Fd"Release\vc110.pdb" /Gd /TP /analyze- /errorReport:prompt MonteCarlo.cpp
         MonteCarlo.cpp
     1>MonteCarlo.cpp(21): warning C4244: 'argument' : conversion from 'time_t' to 'unsigned int', possible loss of data
     1>MonteCarlo.cpp(51): warning C4244: 'argument' : conversion from 'time_t' to 'unsigned int', possible loss of data
     1>MonteCarlo.cpp(313): warning C4244: 'argument' : conversion from 'time_t' to 'unsigned int', possible loss of data
     1>MonteCarlo.cpp(487): warning C4244: 'argument' : conversion from 'time_t' to 'unsigned int', possible loss of data
       Link:
         C:\Program Files (x86)\Microsoft Visual Studio 11.0\VC\bin\link.exe /ERRORREPORT:PROMPT /OUT:"C:\Users\Ideapad\Documents\Visual Studio 2012\Projects\work_stealing\Release\work_stealing_seq.exe" /NOLOGO kernel32.lib user32.lib gdi32.lib winspool.lib comdlg32.lib advapi32.lib shell32.lib ole32.lib oleaut32.lib uuid.lib odbc32.lib odbccp32.lib /MANIFEST /MANIFESTUAC:"level='asInvoker' uiAccess='false'" /manifest:embed /DEBUG /PDB:"C:\Users\Ideapad\Documents\Visual Studio 2012\Projects\work_stealing\Release\work_stealing_seq.pdb" /OPT:REF /OPT:ICF /LTCG /TLBID:1 /DYNAMICBASE /NXCOMPAT /IMPLIB:"C:\Users\Ideapad\Documents\Visual Studio 2012\Projects\work_stealing\Release\work_stealing_seq.lib" /MACHINE:X86 /SAFESEH Release\Cell.obj
         Release\main.obj
         Release\MonteCarlo.obj
         Release\Recrystalization.obj
         Generating code
         Finished generating code
         work_stealing_seq.vcxproj -> C:\Users\Ideapad\Documents\Visual Studio 2012\Projects\work_stealing\Release\work_stealing_seq.exe
     1>Done Building Project "C:\Users\Ideapad\Documents\Visual Studio 2012\Projects\work_stealing_seq\work_stealing_seq.vcxproj" (Build target(s)).

Build succeeded.

Time Elapsed 00:00:00.93
