Build started 2015-11-06 17:16:09.
     1>Project "C:\Users\Ideapad\Documents\Visual Studio 2012\Projects\work_stealing_seq\work_stealing_seq.vcxproj" on node 2 (Build target(s)).
     1>ClCompile:
         C:\Program Files (x86)\Microsoft Visual Studio 11.0\VC\bin\CL.exe /c /ZI /nologo /W3 /WX- /Od /Oy- /D _MBCS /Gm /EHsc /RTC1 /MDd /GS /fp:precise /Zc:wchar_t /Zc:forScope /Fo"Debug\\" /Fd"Debug\vc110.pdb" /Gd /TP /analyze- /errorReport:prompt GrainGrow.cpp MonteCarlo.cpp Recrystalization.cpp main.cpp
         GrainGrow.cpp
         Generating Code...
         Compiling...
         main.cpp
         Recrystalization.cpp
     1>c:\users\ideapad\documents\visual studio 2012\projects\work_stealing_seq\recrystalization.cpp(22): warning C4244: 'argument' : conversion from 'time_t' to 'unsigned int', possible loss of data
     1>c:\users\ideapad\documents\visual studio 2012\projects\work_stealing_seq\recrystalization.cpp(92): warning C4244: 'argument' : conversion from 'time_t' to 'unsigned int', possible loss of data
     1>c:\users\ideapad\documents\visual studio 2012\projects\work_stealing_seq\recrystalization.cpp(650): warning C4244: 'argument' : conversion from 'time_t' to 'unsigned int', possible loss of data
         MonteCarlo.cpp
     1>c:\users\ideapad\documents\visual studio 2012\projects\work_stealing_seq\montecarlo.cpp(21): warning C4244: 'argument' : conversion from 'time_t' to 'unsigned int', possible loss of data
     1>c:\users\ideapad\documents\visual studio 2012\projects\work_stealing_seq\montecarlo.cpp(49): warning C4244: 'argument' : conversion from 'time_t' to 'unsigned int', possible loss of data
     1>c:\users\ideapad\documents\visual studio 2012\projects\work_stealing_seq\montecarlo.cpp(311): warning C4244: 'argument' : conversion from 'time_t' to 'unsigned int', possible loss of data
     1>c:\users\ideapad\documents\visual studio 2012\projects\work_stealing_seq\montecarlo.cpp(485): warning C4244: 'argument' : conversion from 'time_t' to 'unsigned int', possible loss of data
         Generating Code...
       Link:
         C:\Program Files (x86)\Microsoft Visual Studio 11.0\VC\bin\link.exe /ERRORREPORT:PROMPT /OUT:"C:\Users\Ideapad\Documents\Visual Studio 2012\Projects\work_stealing\Debug\multiscape_modeling_seq.exe" /INCREMENTAL /NOLOGO kernel32.lib user32.lib gdi32.lib winspool.lib comdlg32.lib advapi32.lib shell32.lib ole32.lib oleaut32.lib uuid.lib odbc32.lib odbccp32.lib /MANIFEST /MANIFESTUAC:"level='asInvoker' uiAccess='false'" /manifest:embed /DEBUG /PDB:"C:\Users\Ideapad\Documents\Visual Studio 2012\Projects\work_stealing\Debug\multiscape_modeling_seq.pdb" /TLBID:1 /DYNAMICBASE /NXCOMPAT /IMPLIB:"C:\Users\Ideapad\Documents\Visual Studio 2012\Projects\work_stealing\Debug\multiscape_modeling_seq.lib" /MACHINE:X86 Debug\Cell.obj
         Debug\GrainGrow.obj
         Debug\main.obj
         Debug\MonteCarlo.obj
         Debug\Recrystalization.obj
         work_stealing_seq.vcxproj -> C:\Users\Ideapad\Documents\Visual Studio 2012\Projects\work_stealing\Debug\multiscape_modeling_seq.exe
     1>Done Building Project "C:\Users\Ideapad\Documents\Visual Studio 2012\Projects\work_stealing_seq\work_stealing_seq.vcxproj" (Build target(s)).

Build succeeded.

Time Elapsed 00:00:02.26
